<?xml version="1.0" encoding="UTF-8"?>
<!-- Generated by org.testng.reporters.JUnitReportReporter -->
<testsuite hostname="DESKTOP-SKUQIGK" failures="0" tests="4" name="testNGframework.tossCricket" time="0.014" errors="0" timestamp="2021-03-14T19:21:41 IST" skipped="0">
  <testcase classname="testNGframework.tossCricket" name="startplaying" time="0.001"/>
  <system-out/>
  <testcase classname="testNGframework.tossCricket" name="bowling" time="0.001"/>
  <system-out/>
  <testcase classname="testNGframework.tossCricket" name="batting" time="0.002"/>
  <system-out/>
  <testcase classname="testNGframework.tossCricket" name="tossing" time="0.010"/>
  <system-out/>
</testsuite> <!-- testNGframework.tossCricket -->
