<?xml version="1.0" encoding="UTF-8"?>
<!-- Generated by org.testng.reporters.JUnitReportReporter -->
<testsuite hostname="DESKTOP-SKUQIGK" failures="0" tests="4" name="testNGframework.trainTicket" time="0.010" errors="0" timestamp="2021-03-14T18:50:46 IST" skipped="1">
  <testcase classname="testNGframework.trainTicket" name="Tadkal" time="0.008"/>
  <system-out/>
  <testcase classname="testNGframework.trainTicket" name="Confirmed" time="0.001"/>
  <system-out/>
  <testcase classname="testNGframework.trainTicket" name="WaitingList2" time="0.001"/>
  <system-out/>
  <testcase classname="testNGframework.trainTicket" name="WaitingList1">
    <skipped/>
  </testcase> <!-- WaitingList1 -->
  <system-out/>
</testsuite> <!-- testNGframework.trainTicket -->
