<?xml version="1.0" encoding="UTF-8"?>
<!-- Generated by org.testng.reporters.JUnitReportReporter -->
<testsuite hostname="DESKTOP-SKUQIGK" failures="0" tests="18" name="testNGframework.teamSelection" time="0.019" errors="0" timestamp="2021-03-14T23:23:33 IST" skipped="0">
  <testcase classname="testNGframework.teamSelection" name="player2" time="0.001"/>
  <system-out/>
  <testcase classname="testNGframework.teamSelection" name="player18" time="0.001"/>
  <system-out/>
  <testcase classname="testNGframework.teamSelection" name="player17" time="0.001"/>
  <system-out/>
  <testcase classname="testNGframework.teamSelection" name="player13" time="0.005"/>
  <system-out/>
  <testcase classname="testNGframework.teamSelection" name="player16" time="0.001"/>
  <system-out/>
  <testcase classname="testNGframework.teamSelection" name="player15" time="0.001"/>
  <system-out/>
  <testcase classname="testNGframework.teamSelection" name="player3" time="0.001"/>
  <system-out/>
  <testcase classname="testNGframework.teamSelection" name="player5" time="0.001"/>
  <system-out/>
  <testcase classname="testNGframework.teamSelection" name="player1" time="0.001"/>
  <system-out/>
  <testcase classname="testNGframework.teamSelection" name="player4" time="0.001"/>
  <system-out/>
  <testcase classname="testNGframework.teamSelection" name="player6" time="0.000"/>
  <system-out/>
  <testcase classname="testNGframework.teamSelection" name="player7" time="0.000"/>
  <system-out/>
  <testcase classname="testNGframework.teamSelection" name="player8" time="0.001"/>
  <system-out/>
  <testcase classname="testNGframework.teamSelection" name="player9" time="0.001"/>
  <system-out/>
  <testcase classname="testNGframework.teamSelection" name="player10" time="0.001"/>
  <system-out/>
  <testcase classname="testNGframework.teamSelection" name="player11" time="0.000"/>
  <system-out/>
  <testcase classname="testNGframework.teamSelection" name="player12" time="0.001"/>
  <system-out/>
  <testcase classname="testNGframework.teamSelection" name="player14" time="0.001"/>
  <system-out/>
</testsuite> <!-- testNGframework.teamSelection -->
