<?xml version="1.0" encoding="UTF-8"?>
<!-- Generated by org.testng.reporters.JUnitReportReporter -->
<testsuite hostname="DESKTOP-SKUQIGK" failures="0" tests="4" name="testNGframework.sample1" time="0.008" errors="0" timestamp="2021-03-14T10:43:37 IST" skipped="0">
  <testcase classname="testNGframework.sample1" name="practicing2" time="0.001"/>
  <system-out/>
  <testcase classname="testNGframework.sample1" name="practicing1" time="0.006"/>
  <system-out/>
  <testcase classname="testNGframework.sample1" name="practicing4" time="0.001"/>
  <system-out/>
  <testcase classname="testNGframework.sample1" name="practicing3" time="0.000"/>
  <system-out/>
</testsuite> <!-- testNGframework.sample1 -->
