<?xml version="1.0" encoding="UTF-8"?>
<!-- Generated by org.testng.reporters.JUnitReportReporter -->
<testsuite hostname="DESKTOP-SKUQIGK" failures="0" tests="5" name="testNGframework.constructingHouse" time="0.012" errors="0" timestamp="2021-03-14T21:45:27 IST" skipped="0">
  <testcase classname="testNGframework.constructingHouse" name="price" time="0.005"/>
  <system-out/>
  <testcase classname="testNGframework.constructingHouse" name="foundation" time="0.004"/>
  <system-out/>
  <testcase classname="testNGframework.constructingHouse" name="compundWall" time="0.001"/>
  <system-out/>
  <testcase classname="testNGframework.constructingHouse" name="parking" time="0.001"/>
  <system-out/>
  <testcase classname="testNGframework.constructingHouse" name="firstFloor" time="0.001"/>
  <system-out/>
</testsuite> <!-- testNGframework.constructingHouse -->
